<?xml version="1.0" encoding="UTF-8"?>
<coverage generated="1731053935467" clover="3.2.0">
  <project timestamp="1731053935467" name="All files">
    <metrics statements="121" coveredstatements="114" conditionals="36" coveredconditionals="34" methods="26" coveredmethods="23" elements="183" coveredelements="171" complexity="0" loc="121" ncloc="121" packages="1" files="4" classes="4"/>
    <file name="Card.js" path="C:\Users\jackf\Documents\School Work\Software Engineering\crazy8s_482\Crazy8s\classes\Card.js">
      <metrics statements="11" coveredstatements="11" conditionals="6" coveredconditionals="6" methods="3" coveredmethods="3"/>
      <line num="14" count="1229" type="stmt"/>
      <line num="15" count="1229" type="stmt"/>
      <line num="25" count="12" type="cond" truecount="2" falsecount="0"/>
      <line num="26" count="3" type="stmt"/>
      <line num="27" count="9" type="cond" truecount="2" falsecount="0"/>
      <line num="28" count="3" type="stmt"/>
      <line num="29" count="6" type="cond" truecount="2" falsecount="0"/>
      <line num="30" count="2" type="stmt"/>
      <line num="32" count="4" type="stmt"/>
      <line num="40" count="4" type="stmt"/>
      <line num="44" count="1" type="stmt"/>
    </file>
    <file name="Deck.js" path="C:\Users\jackf\Documents\School Work\Software Engineering\crazy8s_482\Crazy8s\classes\Deck.js">
      <metrics statements="17" coveredstatements="17" conditionals="2" coveredconditionals="2" methods="4" coveredmethods="4"/>
      <line num="1" count="1" type="stmt"/>
      <line num="6" count="23" type="stmt"/>
      <line num="7" count="23" type="stmt"/>
      <line num="8" count="23" type="stmt"/>
      <line num="15" count="23" type="stmt"/>
      <line num="16" count="92" type="stmt"/>
      <line num="17" count="1196" type="stmt"/>
      <line num="25" count="14" type="stmt"/>
      <line num="26" count="728" type="stmt"/>
      <line num="28" count="728" type="stmt"/>
      <line num="29" count="728" type="stmt"/>
      <line num="30" count="728" type="stmt"/>
      <line num="39" count="245" type="cond" truecount="2" falsecount="0"/>
      <line num="40" count="1" type="stmt"/>
      <line num="42" count="244" type="stmt"/>
      <line num="50" count="247" type="stmt"/>
      <line num="54" count="1" type="stmt"/>
    </file>
    <file name="Game.js" path="C:\Users\jackf\Documents\School Work\Software Engineering\crazy8s_482\Crazy8s\classes\Game.js">
      <metrics statements="69" coveredstatements="63" conditionals="20" coveredconditionals="18" methods="12" coveredmethods="10"/>
      <line num="1" count="1" type="stmt"/>
      <line num="2" count="1" type="stmt"/>
      <line num="3" count="1" type="stmt"/>
      <line num="8" count="17" type="stmt"/>
      <line num="10" count="17" type="stmt"/>
      <line num="14" count="17" type="stmt"/>
      <line num="26" count="17" type="stmt"/>
      <line num="27" count="17" type="stmt"/>
      <line num="28" count="17" type="stmt"/>
      <line num="29" count="17" type="stmt"/>
      <line num="30" count="17" type="stmt"/>
      <line num="31" count="17" type="stmt"/>
      <line num="38" count="13" type="stmt"/>
      <line num="39" count="13" type="stmt"/>
      <line num="40" count="13" type="stmt"/>
      <line num="41" count="13" type="stmt"/>
      <line num="42" count="13" type="stmt"/>
      <line num="49" count="13" type="stmt"/>
      <line num="50" count="65" type="stmt"/>
      <line num="51" count="125" type="stmt"/>
      <line num="52" count="125" type="stmt"/>
      <line num="56" count="13" type="stmt"/>
      <line num="65" count="17" type="cond" truecount="2" falsecount="0"/>
      <line num="66" count="16" type="stmt"/>
      <line num="67" count="16" type="stmt"/>
      <line num="70" count="1" type="stmt"/>
      <line num="78" count="1" type="stmt"/>
      <line num="79" count="1" type="cond" truecount="1" falsecount="1"/>
      <line num="80" count="1" type="stmt"/>
      <line num="81" count="1" type="stmt"/>
      <line num="82" count="5" type="stmt"/>
      <line num="84" count="1" type="stmt"/>
      <line num="85" count="1" type="stmt"/>
      <line num="93" count="8" type="cond" truecount="2" falsecount="0"/>
      <line num="94" count="5" type="stmt"/>
      <line num="96" count="3" type="stmt"/>
      <line num="98" count="8" type="stmt"/>
      <line num="108" count="6" type="cond" truecount="2" falsecount="0"/>
      <line num="109" count="5" type="stmt"/>
      <line num="110" count="5" type="cond" truecount="2" falsecount="0"/>
      <line num="111" count="2" type="stmt"/>
      <line num="112" count="2" type="cond" truecount="2" falsecount="0"/>
      <line num="113" count="1" type="stmt"/>
      <line num="115" count="3" type="stmt"/>
      <line num="118" count="5" type="cond" truecount="2" falsecount="0"/>
      <line num="119" count="2" type="stmt"/>
      <line num="121" count="3" type="stmt"/>
      <line num="122" count="3" type="cond" truecount="2" falsecount="0"/>
      <line num="123" count="1" type="stmt"/>
      <line num="125" count="2" type="stmt"/>
      <line num="126" count="2" type="stmt"/>
      <line num="128" count="1" type="stmt"/>
      <line num="137" count="3" type="stmt"/>
      <line num="138" count="3" type="stmt"/>
      <line num="139" count="3" type="stmt"/>
      <line num="148" count="2" type="cond" truecount="2" falsecount="0"/>
      <line num="149" count="1" type="stmt"/>
      <line num="150" count="1" type="cond" truecount="1" falsecount="1"/>
      <line num="151" count="0" type="stmt"/>
      <line num="153" count="1" type="stmt"/>
      <line num="154" count="1" type="stmt"/>
      <line num="156" count="1" type="stmt"/>
      <line num="164" count="0" type="stmt"/>
      <line num="172" count="1" type="stmt"/>
      <line num="179" count="0" type="stmt"/>
      <line num="180" count="0" type="stmt"/>
      <line num="181" count="0" type="stmt"/>
      <line num="183" count="0" type="stmt"/>
      <line num="187" count="1" type="stmt"/>
    </file>
    <file name="Player.js" path="C:\Users\jackf\Documents\School Work\Software Engineering\crazy8s_482\Crazy8s\classes\Player.js">
      <metrics statements="24" coveredstatements="23" conditionals="8" coveredconditionals="8" methods="7" coveredmethods="6"/>
      <line num="1" count="1" type="stmt"/>
      <line num="6" count="41" type="stmt"/>
      <line num="20" count="9" type="cond" truecount="2" falsecount="0"/>
      <line num="21" count="1" type="stmt"/>
      <line num="23" count="8" type="stmt"/>
      <line num="24" count="8" type="stmt"/>
      <line num="25" count="8" type="cond" truecount="2" falsecount="0"/>
      <line num="26" count="2" type="stmt"/>
      <line num="27" count="2" type="stmt"/>
      <line num="28" count="6" type="cond" truecount="2" falsecount="0"/>
      <line num="29" count="3" type="stmt"/>
      <line num="30" count="3" type="stmt"/>
      <line num="32" count="3" type="stmt"/>
      <line num="41" count="132" type="stmt"/>
      <line num="49" count="1" type="stmt"/>
      <line num="50" count="1" type="stmt"/>
      <line num="51" count="2" type="stmt"/>
      <line num="53" count="1" type="stmt"/>
      <line num="61" count="3" type="cond" truecount="2" falsecount="0"/>
      <line num="62" count="1" type="stmt"/>
      <line num="64" count="2" type="stmt"/>
      <line num="72" count="0" type="stmt"/>
      <line num="80" count="1" type="stmt"/>
      <line num="84" count="1" type="stmt"/>
    </file>
  </project>
</coverage>
