{"C:\\Users\\Skia\\Documents\\GitHub\\crazy8s_482\\Crazy8s\\classes\\Card.js": {"path":"C:\\Users\\Skia\\Documents\\GitHub\\crazy8s_482\\Crazy8s\\classes\\Card.js","statementMap":{"0":{"start":{"line":14,"column":8},"end":{"line":14,"column":25}},"1":{"start":{"line":15,"column":8},"end":{"line":15,"column":25}},"2":{"start":{"line":25,"column":8},"end":{"line":32,"column":25}},"3":{"start":{"line":26,"column":12},"end":{"line":26,"column":21}},"4":{"start":{"line":27,"column":13},"end":{"line":32,"column":25}},"5":{"start":{"line":28,"column":12},"end":{"line":28,"column":24}},"6":{"start":{"line":29,"column":13},"end":{"line":32,"column":25}},"7":{"start":{"line":30,"column":12},"end":{"line":30,"column":24}},"8":{"start":{"line":32,"column":12},"end":{"line":32,"column":25}},"9":{"start":{"line":40,"column":8},"end":{"line":40,"column":55}},"10":{"start":{"line":44,"column":0},"end":{"line":44,"column":22}}},"fnMap":{"0":{"name":"(anonymous_0)","decl":{"start":{"line":12,"column":4},"end":{"line":12,"column":5}},"loc":{"start":{"line":13,"column":4},"end":{"line":16,"column":5}},"line":13},"1":{"name":"(anonymous_1)","decl":{"start":{"line":23,"column":4},"end":{"line":23,"column":5}},"loc":{"start":{"line":24,"column":4},"end":{"line":33,"column":5}},"line":24},"2":{"name":"(anonymous_2)","decl":{"start":{"line":39,"column":4},"end":{"line":39,"column":5}},"loc":{"start":{"line":39,"column":19},"end":{"line":41,"column":5}},"line":39}},"branchMap":{"0":{"loc":{"start":{"line":25,"column":8},"end":{"line":32,"column":25}},"type":"if","locations":[{"start":{"line":25,"column":8},"end":{"line":32,"column":25}},{"start":{"line":27,"column":13},"end":{"line":32,"column":25}}],"line":25},"1":{"loc":{"start":{"line":27,"column":13},"end":{"line":32,"column":25}},"type":"if","locations":[{"start":{"line":27,"column":13},"end":{"line":32,"column":25}},{"start":{"line":29,"column":13},"end":{"line":32,"column":25}}],"line":27},"2":{"loc":{"start":{"line":29,"column":13},"end":{"line":32,"column":25}},"type":"if","locations":[{"start":{"line":29,"column":13},"end":{"line":32,"column":25}},{"start":{"line":32,"column":12},"end":{"line":32,"column":25}}],"line":29}},"s":{"0":1177,"1":1177,"2":12,"3":3,"4":9,"5":3,"6":6,"7":2,"8":4,"9":4,"10":1},"f":{"0":1177,"1":12,"2":4},"b":{"0":[3,9],"1":[3,6],"2":[2,4]},"_coverageSchema":"1a1c01bbd47fc00a2c39e90264f33305004495a9","hash":"766aaafa851081b9d36f722f7b3bfe1d4dd2647f"}
,"C:\\Users\\Skia\\Documents\\GitHub\\crazy8s_482\\Crazy8s\\classes\\Deck.js": {"path":"C:\\Users\\Skia\\Documents\\GitHub\\crazy8s_482\\Crazy8s\\classes\\Deck.js","statementMap":{"0":{"start":{"line":1,"column":13},"end":{"line":1,"column":42}},"1":{"start":{"line":6,"column":10},"end":{"line":6,"column":48}},"2":{"start":{"line":7,"column":10},"end":{"line":7,"column":64}},"3":{"start":{"line":8,"column":10},"end":{"line":8,"column":12}},"4":{"start":{"line":15,"column":4},"end":{"line":17,"column":45}},"5":{"start":{"line":16,"column":6},"end":{"line":17,"column":45}},"6":{"start":{"line":17,"column":8},"end":{"line":17,"column":45}},"7":{"start":{"line":25,"column":4},"end":{"line":31,"column":5}},"8":{"start":{"line":25,"column":16},"end":{"line":25,"column":17}},"9":{"start":{"line":26,"column":21},"end":{"line":26,"column":49}},"10":{"start":{"line":28,"column":19},"end":{"line":28,"column":32}},"11":{"start":{"line":29,"column":6},"end":{"line":29,"column":43}},"12":{"start":{"line":30,"column":6},"end":{"line":30,"column":34}},"13":{"start":{"line":39,"column":4},"end":{"line":40,"column":19}},"14":{"start":{"line":40,"column":6},"end":{"line":40,"column":19}},"15":{"start":{"line":42,"column":4},"end":{"line":42,"column":27}},"16":{"start":{"line":50,"column":4},"end":{"line":50,"column":34}},"17":{"start":{"line":54,"column":0},"end":{"line":54,"column":22}}},"fnMap":{"0":{"name":"(anonymous_0)","decl":{"start":{"line":14,"column":2},"end":{"line":14,"column":3}},"loc":{"start":{"line":14,"column":16},"end":{"line":18,"column":3}},"line":14},"1":{"name":"(anonymous_1)","decl":{"start":{"line":23,"column":2},"end":{"line":23,"column":3}},"loc":{"start":{"line":23,"column":12},"end":{"line":32,"column":3}},"line":23},"2":{"name":"(anonymous_2)","decl":{"start":{"line":38,"column":2},"end":{"line":38,"column":3}},"loc":{"start":{"line":38,"column":13},"end":{"line":43,"column":3}},"line":38},"3":{"name":"(anonymous_3)","decl":{"start":{"line":49,"column":2},"end":{"line":49,"column":3}},"loc":{"start":{"line":49,"column":12},"end":{"line":51,"column":3}},"line":49}},"branchMap":{"0":{"loc":{"start":{"line":39,"column":4},"end":{"line":40,"column":19}},"type":"if","locations":[{"start":{"line":39,"column":4},"end":{"line":40,"column":19}},{"start":{},"end":{}}],"line":39}},"s":{"0":1,"1":22,"2":22,"3":22,"4":22,"5":88,"6":1144,"7":13,"8":13,"9":676,"10":676,"11":676,"12":676,"13":234,"14":1,"15":233,"16":236,"17":1},"f":{"0":22,"1":13,"2":234,"3":236},"b":{"0":[1,233]},"_coverageSchema":"1a1c01bbd47fc00a2c39e90264f33305004495a9","hash":"3476d6690bc3675a3399d0097b1529621ef32b4b"}
,"C:\\Users\\Skia\\Documents\\GitHub\\crazy8s_482\\Crazy8s\\classes\\Game.js": {"path":"C:\\Users\\Skia\\Documents\\GitHub\\crazy8s_482\\Crazy8s\\classes\\Game.js","statementMap":{"0":{"start":{"line":1,"column":15},"end":{"line":1,"column":46}},"1":{"start":{"line":2,"column":13},"end":{"line":2,"column":42}},"2":{"start":{"line":3,"column":13},"end":{"line":3,"column":42}},"3":{"start":{"line":8,"column":9},"end":{"line":8,"column":11}},"4":{"start":{"line":10,"column":12},"end":{"line":10,"column":14}},"5":{"start":{"line":14,"column":13},"end":{"line":14,"column":18}},"6":{"start":{"line":26,"column":4},"end":{"line":26,"column":28}},"7":{"start":{"line":27,"column":4},"end":{"line":27,"column":29}},"8":{"start":{"line":28,"column":4},"end":{"line":28,"column":19}},"9":{"start":{"line":29,"column":4},"end":{"line":29,"column":29}},"10":{"start":{"line":30,"column":4},"end":{"line":30,"column":29}},"11":{"start":{"line":31,"column":4},"end":{"line":31,"column":27}},"12":{"start":{"line":38,"column":4},"end":{"line":38,"column":24}},"13":{"start":{"line":39,"column":4},"end":{"line":39,"column":16}},"14":{"start":{"line":40,"column":4},"end":{"line":40,"column":42}},"15":{"start":{"line":41,"column":4},"end":{"line":41,"column":36}},"16":{"start":{"line":42,"column":4},"end":{"line":42,"column":27}},"17":{"start":{"line":49,"column":4},"end":{"line":54,"column":5}},"18":{"start":{"line":49,"column":16},"end":{"line":49,"column":17}},"19":{"start":{"line":50,"column":6},"end":{"line":53,"column":7}},"20":{"start":{"line":51,"column":21},"end":{"line":51,"column":41}},"21":{"start":{"line":52,"column":8},"end":{"line":52,"column":30}},"22":{"start":{"line":56,"column":4},"end":{"line":56,"column":41}},"23":{"start":{"line":65,"column":4},"end":{"line":68,"column":5}},"24":{"start":{"line":66,"column":6},"end":{"line":66,"column":32}},"25":{"start":{"line":67,"column":6},"end":{"line":67,"column":18}},"26":{"start":{"line":70,"column":4},"end":{"line":70,"column":17}},"27":{"start":{"line":77,"column":4},"end":{"line":81,"column":5}},"28":{"start":{"line":78,"column":6},"end":{"line":78,"column":27}},"29":{"start":{"line":80,"column":6},"end":{"line":80,"column":29}},"30":{"start":{"line":82,"column":4},"end":{"line":82,"column":53}},"31":{"start":{"line":92,"column":4},"end":{"line":111,"column":5}},"32":{"start":{"line":93,"column":17},"end":{"line":93,"column":22}},"33":{"start":{"line":94,"column":6},"end":{"line":100,"column":7}},"34":{"start":{"line":95,"column":8},"end":{"line":95,"column":68}},"35":{"start":{"line":96,"column":8},"end":{"line":97,"column":32}},"36":{"start":{"line":97,"column":10},"end":{"line":97,"column":32}},"37":{"start":{"line":99,"column":8},"end":{"line":99,"column":69}},"38":{"start":{"line":102,"column":6},"end":{"line":103,"column":21}},"39":{"start":{"line":103,"column":8},"end":{"line":103,"column":21}},"40":{"start":{"line":105,"column":6},"end":{"line":105,"column":26}},"41":{"start":{"line":106,"column":6},"end":{"line":107,"column":17}},"42":{"start":{"line":107,"column":8},"end":{"line":107,"column":17}},"43":{"start":{"line":109,"column":6},"end":{"line":109,"column":24}},"44":{"start":{"line":110,"column":6},"end":{"line":110,"column":18}},"45":{"start":{"line":112,"column":4},"end":{"line":112,"column":17}},"46":{"start":{"line":121,"column":4},"end":{"line":121,"column":25}},"47":{"start":{"line":122,"column":4},"end":{"line":122,"column":22}},"48":{"start":{"line":123,"column":4},"end":{"line":123,"column":44}},"49":{"start":{"line":132,"column":4},"end":{"line":139,"column":5}},"50":{"start":{"line":133,"column":22},"end":{"line":133,"column":42}},"51":{"start":{"line":134,"column":6},"end":{"line":135,"column":21}},"52":{"start":{"line":135,"column":8},"end":{"line":135,"column":21}},"53":{"start":{"line":137,"column":6},"end":{"line":137,"column":31}},"54":{"start":{"line":138,"column":6},"end":{"line":138,"column":36}},"55":{"start":{"line":140,"column":4},"end":{"line":140,"column":17}},"56":{"start":{"line":148,"column":4},"end":{"line":148,"column":56}},"57":{"start":{"line":156,"column":4},"end":{"line":156,"column":25}},"58":{"start":{"line":160,"column":0},"end":{"line":160,"column":22}}},"fnMap":{"0":{"name":"(anonymous_0)","decl":{"start":{"line":25,"column":2},"end":{"line":25,"column":3}},"loc":{"start":{"line":25,"column":55},"end":{"line":32,"column":3}},"line":25},"1":{"name":"(anonymous_1)","decl":{"start":{"line":37,"column":2},"end":{"line":37,"column":3}},"loc":{"start":{"line":37,"column":14},"end":{"line":43,"column":3}},"line":37},"2":{"name":"(anonymous_2)","decl":{"start":{"line":48,"column":2},"end":{"line":48,"column":3}},"loc":{"start":{"line":48,"column":9},"end":{"line":57,"column":3}},"line":48},"3":{"name":"(anonymous_3)","decl":{"start":{"line":64,"column":2},"end":{"line":64,"column":3}},"loc":{"start":{"line":64,"column":20},"end":{"line":71,"column":3}},"line":64},"4":{"name":"(anonymous_4)","decl":{"start":{"line":76,"column":2},"end":{"line":76,"column":3}},"loc":{"start":{"line":76,"column":15},"end":{"line":83,"column":3}},"line":76},"5":{"name":"(anonymous_5)","decl":{"start":{"line":91,"column":2},"end":{"line":91,"column":3}},"loc":{"start":{"line":91,"column":26},"end":{"line":113,"column":3}},"line":91},"6":{"name":"(anonymous_6)","decl":{"start":{"line":120,"column":2},"end":{"line":120,"column":3}},"loc":{"start":{"line":120,"column":19},"end":{"line":124,"column":3}},"line":120},"7":{"name":"(anonymous_7)","decl":{"start":{"line":131,"column":2},"end":{"line":131,"column":3}},"loc":{"start":{"line":131,"column":19},"end":{"line":141,"column":3}},"line":131},"8":{"name":"(anonymous_8)","decl":{"start":{"line":147,"column":2},"end":{"line":147,"column":3}},"loc":{"start":{"line":147,"column":15},"end":{"line":149,"column":3}},"line":147},"9":{"name":"(anonymous_9)","decl":{"start":{"line":155,"column":2},"end":{"line":155,"column":3}},"loc":{"start":{"line":155,"column":16},"end":{"line":157,"column":3}},"line":155}},"branchMap":{"0":{"loc":{"start":{"line":65,"column":4},"end":{"line":68,"column":5}},"type":"if","locations":[{"start":{"line":65,"column":4},"end":{"line":68,"column":5}},{"start":{},"end":{}}],"line":65},"1":{"loc":{"start":{"line":77,"column":4},"end":{"line":81,"column":5}},"type":"if","locations":[{"start":{"line":77,"column":4},"end":{"line":81,"column":5}},{"start":{"line":79,"column":9},"end":{"line":81,"column":5}}],"line":77},"2":{"loc":{"start":{"line":92,"column":4},"end":{"line":111,"column":5}},"type":"if","locations":[{"start":{"line":92,"column":4},"end":{"line":111,"column":5}},{"start":{},"end":{}}],"line":92},"3":{"loc":{"start":{"line":94,"column":6},"end":{"line":100,"column":7}},"type":"if","locations":[{"start":{"line":94,"column":6},"end":{"line":100,"column":7}},{"start":{"line":98,"column":11},"end":{"line":100,"column":7}}],"line":94},"4":{"loc":{"start":{"line":96,"column":8},"end":{"line":97,"column":32}},"type":"if","locations":[{"start":{"line":96,"column":8},"end":{"line":97,"column":32}},{"start":{},"end":{}}],"line":96},"5":{"loc":{"start":{"line":102,"column":6},"end":{"line":103,"column":21}},"type":"if","locations":[{"start":{"line":102,"column":6},"end":{"line":103,"column":21}},{"start":{},"end":{}}],"line":102},"6":{"loc":{"start":{"line":106,"column":6},"end":{"line":107,"column":17}},"type":"if","locations":[{"start":{"line":106,"column":6},"end":{"line":107,"column":17}},{"start":{},"end":{}}],"line":106},"7":{"loc":{"start":{"line":132,"column":4},"end":{"line":139,"column":5}},"type":"if","locations":[{"start":{"line":132,"column":4},"end":{"line":139,"column":5}},{"start":{},"end":{}}],"line":132},"8":{"loc":{"start":{"line":134,"column":6},"end":{"line":135,"column":21}},"type":"if","locations":[{"start":{"line":134,"column":6},"end":{"line":135,"column":21}},{"start":{},"end":{}}],"line":134}},"s":{"0":1,"1":1,"2":1,"3":16,"4":16,"5":16,"6":16,"7":16,"8":16,"9":16,"10":16,"11":16,"12":12,"13":12,"14":12,"15":12,"16":12,"17":12,"18":12,"19":60,"20":115,"21":115,"22":12,"23":16,"24":15,"25":15,"26":1,"27":8,"28":5,"29":3,"30":8,"31":6,"32":5,"33":5,"34":2,"35":2,"36":1,"37":3,"38":5,"39":2,"40":3,"41":3,"42":1,"43":2,"44":2,"45":1,"46":3,"47":3,"48":3,"49":2,"50":1,"51":1,"52":0,"53":1,"54":1,"55":1,"56":0,"57":1,"58":1},"f":{"0":16,"1":12,"2":12,"3":16,"4":8,"5":6,"6":3,"7":2,"8":0,"9":1},"b":{"0":[15,1],"1":[5,3],"2":[5,1],"3":[2,3],"4":[1,1],"5":[2,3],"6":[1,2],"7":[1,1],"8":[0,1]},"_coverageSchema":"1a1c01bbd47fc00a2c39e90264f33305004495a9","hash":"9fb68fc6526718357ef8fe2d0d7849e8e8e72925"}
,"C:\\Users\\Skia\\Documents\\GitHub\\crazy8s_482\\Crazy8s\\classes\\Player.js": {"path":"C:\\Users\\Skia\\Documents\\GitHub\\crazy8s_482\\Crazy8s\\classes\\Player.js","statementMap":{"0":{"start":{"line":1,"column":13},"end":{"line":1,"column":42}},"1":{"start":{"line":6,"column":9},"end":{"line":6,"column":11}},"2":{"start":{"line":20,"column":4},"end":{"line":21,"column":19}},"3":{"start":{"line":21,"column":6},"end":{"line":21,"column":19}},"4":{"start":{"line":23,"column":17},"end":{"line":23,"column":33}},"5":{"start":{"line":24,"column":17},"end":{"line":24,"column":39}},"6":{"start":{"line":25,"column":4},"end":{"line":33,"column":5}},"7":{"start":{"line":26,"column":6},"end":{"line":26,"column":33}},"8":{"start":{"line":27,"column":6},"end":{"line":27,"column":14}},"9":{"start":{"line":28,"column":10},"end":{"line":33,"column":5}},"10":{"start":{"line":29,"column":6},"end":{"line":29,"column":33}},"11":{"start":{"line":30,"column":6},"end":{"line":30,"column":17}},"12":{"start":{"line":32,"column":6},"end":{"line":32,"column":19}},"13":{"start":{"line":41,"column":4},"end":{"line":41,"column":28}},"14":{"start":{"line":49,"column":17},"end":{"line":49,"column":19}},"15":{"start":{"line":50,"column":4},"end":{"line":51,"column":37}},"16":{"start":{"line":51,"column":6},"end":{"line":51,"column":37}},"17":{"start":{"line":53,"column":4},"end":{"line":53,"column":16}},"18":{"start":{"line":61,"column":4},"end":{"line":62,"column":18}},"19":{"start":{"line":62,"column":6},"end":{"line":62,"column":18}},"20":{"start":{"line":64,"column":4},"end":{"line":64,"column":17}},"21":{"start":{"line":68,"column":0},"end":{"line":68,"column":24}}},"fnMap":{"0":{"name":"(anonymous_0)","decl":{"start":{"line":11,"column":2},"end":{"line":11,"column":3}},"loc":{"start":{"line":11,"column":16},"end":{"line":11,"column":18}},"line":11},"1":{"name":"(anonymous_1)","decl":{"start":{"line":19,"column":2},"end":{"line":19,"column":3}},"loc":{"start":{"line":19,"column":28},"end":{"line":34,"column":3}},"line":19},"2":{"name":"(anonymous_2)","decl":{"start":{"line":40,"column":2},"end":{"line":40,"column":3}},"loc":{"start":{"line":40,"column":20},"end":{"line":42,"column":3}},"line":40},"3":{"name":"(anonymous_3)","decl":{"start":{"line":48,"column":2},"end":{"line":48,"column":3}},"loc":{"start":{"line":48,"column":17},"end":{"line":54,"column":3}},"line":48},"4":{"name":"(anonymous_4)","decl":{"start":{"line":60,"column":2},"end":{"line":60,"column":3}},"loc":{"start":{"line":60,"column":16},"end":{"line":65,"column":3}},"line":60}},"branchMap":{"0":{"loc":{"start":{"line":20,"column":4},"end":{"line":21,"column":19}},"type":"if","locations":[{"start":{"line":20,"column":4},"end":{"line":21,"column":19}},{"start":{},"end":{}}],"line":20},"1":{"loc":{"start":{"line":25,"column":4},"end":{"line":33,"column":5}},"type":"if","locations":[{"start":{"line":25,"column":4},"end":{"line":33,"column":5}},{"start":{"line":28,"column":10},"end":{"line":33,"column":5}}],"line":25},"2":{"loc":{"start":{"line":28,"column":10},"end":{"line":33,"column":5}},"type":"if","locations":[{"start":{"line":28,"column":10},"end":{"line":33,"column":5}},{"start":{"line":31,"column":9},"end":{"line":33,"column":5}}],"line":28},"3":{"loc":{"start":{"line":61,"column":4},"end":{"line":62,"column":18}},"type":"if","locations":[{"start":{"line":61,"column":4},"end":{"line":62,"column":18}},{"start":{},"end":{}}],"line":61}},"s":{"0":1,"1":39,"2":9,"3":1,"4":8,"5":8,"6":8,"7":2,"8":2,"9":6,"10":3,"11":3,"12":3,"13":122,"14":1,"15":1,"16":2,"17":1,"18":3,"19":1,"20":2,"21":1},"f":{"0":39,"1":9,"2":122,"3":1,"4":3},"b":{"0":[1,8],"1":[2,6],"2":[3,3],"3":[1,2]},"_coverageSchema":"1a1c01bbd47fc00a2c39e90264f33305004495a9","hash":"5ab5462412d4ddc3a163288a9f4bda5e58814a8a"}
}
