{"C:\\Users\\jackf\\Documents\\School Work\\Software Engineering\\crazy8s_482\\Crazy8s\\classes\\Card.js": {"path":"C:\\Users\\jackf\\Documents\\School Work\\Software Engineering\\crazy8s_482\\Crazy8s\\classes\\Card.js","statementMap":{"0":{"start":{"line":14,"column":8},"end":{"line":14,"column":25}},"1":{"start":{"line":15,"column":8},"end":{"line":15,"column":25}},"2":{"start":{"line":25,"column":8},"end":{"line":32,"column":25}},"3":{"start":{"line":26,"column":12},"end":{"line":26,"column":21}},"4":{"start":{"line":27,"column":13},"end":{"line":32,"column":25}},"5":{"start":{"line":28,"column":12},"end":{"line":28,"column":24}},"6":{"start":{"line":29,"column":13},"end":{"line":32,"column":25}},"7":{"start":{"line":30,"column":12},"end":{"line":30,"column":24}},"8":{"start":{"line":32,"column":12},"end":{"line":32,"column":25}},"9":{"start":{"line":40,"column":8},"end":{"line":40,"column":55}},"10":{"start":{"line":44,"column":0},"end":{"line":44,"column":22}}},"fnMap":{"0":{"name":"(anonymous_0)","decl":{"start":{"line":12,"column":4},"end":{"line":12,"column":5}},"loc":{"start":{"line":13,"column":4},"end":{"line":16,"column":5}},"line":13},"1":{"name":"(anonymous_1)","decl":{"start":{"line":23,"column":4},"end":{"line":23,"column":5}},"loc":{"start":{"line":24,"column":4},"end":{"line":33,"column":5}},"line":24},"2":{"name":"(anonymous_2)","decl":{"start":{"line":39,"column":4},"end":{"line":39,"column":5}},"loc":{"start":{"line":39,"column":19},"end":{"line":41,"column":5}},"line":39}},"branchMap":{"0":{"loc":{"start":{"line":25,"column":8},"end":{"line":32,"column":25}},"type":"if","locations":[{"start":{"line":25,"column":8},"end":{"line":32,"column":25}},{"start":{"line":27,"column":13},"end":{"line":32,"column":25}}],"line":25},"1":{"loc":{"start":{"line":27,"column":13},"end":{"line":32,"column":25}},"type":"if","locations":[{"start":{"line":27,"column":13},"end":{"line":32,"column":25}},{"start":{"line":29,"column":13},"end":{"line":32,"column":25}}],"line":27},"2":{"loc":{"start":{"line":29,"column":13},"end":{"line":32,"column":25}},"type":"if","locations":[{"start":{"line":29,"column":13},"end":{"line":32,"column":25}},{"start":{"line":32,"column":12},"end":{"line":32,"column":25}}],"line":29}},"s":{"0":1229,"1":1229,"2":12,"3":3,"4":9,"5":3,"6":6,"7":2,"8":4,"9":4,"10":1},"f":{"0":1229,"1":12,"2":4},"b":{"0":[3,9],"1":[3,6],"2":[2,4]},"_coverageSchema":"1a1c01bbd47fc00a2c39e90264f33305004495a9","hash":"31f16e4809eea0bb4e1d17d93647fecb8371ad6e"}
,"C:\\Users\\jackf\\Documents\\School Work\\Software Engineering\\crazy8s_482\\Crazy8s\\classes\\Deck.js": {"path":"C:\\Users\\jackf\\Documents\\School Work\\Software Engineering\\crazy8s_482\\Crazy8s\\classes\\Deck.js","statementMap":{"0":{"start":{"line":1,"column":13},"end":{"line":1,"column":42}},"1":{"start":{"line":6,"column":10},"end":{"line":6,"column":48}},"2":{"start":{"line":7,"column":10},"end":{"line":7,"column":64}},"3":{"start":{"line":8,"column":10},"end":{"line":8,"column":12}},"4":{"start":{"line":15,"column":4},"end":{"line":17,"column":45}},"5":{"start":{"line":16,"column":6},"end":{"line":17,"column":45}},"6":{"start":{"line":17,"column":8},"end":{"line":17,"column":45}},"7":{"start":{"line":25,"column":4},"end":{"line":31,"column":5}},"8":{"start":{"line":25,"column":16},"end":{"line":25,"column":17}},"9":{"start":{"line":26,"column":21},"end":{"line":26,"column":49}},"10":{"start":{"line":28,"column":19},"end":{"line":28,"column":32}},"11":{"start":{"line":29,"column":6},"end":{"line":29,"column":43}},"12":{"start":{"line":30,"column":6},"end":{"line":30,"column":34}},"13":{"start":{"line":39,"column":4},"end":{"line":40,"column":19}},"14":{"start":{"line":40,"column":6},"end":{"line":40,"column":19}},"15":{"start":{"line":42,"column":4},"end":{"line":42,"column":27}},"16":{"start":{"line":50,"column":4},"end":{"line":50,"column":34}},"17":{"start":{"line":54,"column":0},"end":{"line":54,"column":22}}},"fnMap":{"0":{"name":"(anonymous_0)","decl":{"start":{"line":14,"column":2},"end":{"line":14,"column":3}},"loc":{"start":{"line":14,"column":16},"end":{"line":18,"column":3}},"line":14},"1":{"name":"(anonymous_1)","decl":{"start":{"line":23,"column":2},"end":{"line":23,"column":3}},"loc":{"start":{"line":23,"column":12},"end":{"line":32,"column":3}},"line":23},"2":{"name":"(anonymous_2)","decl":{"start":{"line":38,"column":2},"end":{"line":38,"column":3}},"loc":{"start":{"line":38,"column":13},"end":{"line":43,"column":3}},"line":38},"3":{"name":"(anonymous_3)","decl":{"start":{"line":49,"column":2},"end":{"line":49,"column":3}},"loc":{"start":{"line":49,"column":12},"end":{"line":51,"column":3}},"line":49}},"branchMap":{"0":{"loc":{"start":{"line":39,"column":4},"end":{"line":40,"column":19}},"type":"if","locations":[{"start":{"line":39,"column":4},"end":{"line":40,"column":19}},{"start":{},"end":{}}],"line":39}},"s":{"0":1,"1":23,"2":23,"3":23,"4":23,"5":92,"6":1196,"7":14,"8":14,"9":728,"10":728,"11":728,"12":728,"13":245,"14":1,"15":244,"16":247,"17":1},"f":{"0":23,"1":14,"2":245,"3":247},"b":{"0":[1,244]},"_coverageSchema":"1a1c01bbd47fc00a2c39e90264f33305004495a9","hash":"278e119acd660a3ffb468ed085ea1fce8d3655cb"}
,"C:\\Users\\jackf\\Documents\\School Work\\Software Engineering\\crazy8s_482\\Crazy8s\\classes\\Game.js": {"path":"C:\\Users\\jackf\\Documents\\School Work\\Software Engineering\\crazy8s_482\\Crazy8s\\classes\\Game.js","statementMap":{"0":{"start":{"line":1,"column":15},"end":{"line":1,"column":46}},"1":{"start":{"line":2,"column":13},"end":{"line":2,"column":42}},"2":{"start":{"line":3,"column":13},"end":{"line":3,"column":42}},"3":{"start":{"line":8,"column":9},"end":{"line":8,"column":11}},"4":{"start":{"line":10,"column":12},"end":{"line":10,"column":14}},"5":{"start":{"line":14,"column":13},"end":{"line":14,"column":18}},"6":{"start":{"line":26,"column":4},"end":{"line":26,"column":28}},"7":{"start":{"line":27,"column":4},"end":{"line":27,"column":29}},"8":{"start":{"line":28,"column":4},"end":{"line":28,"column":19}},"9":{"start":{"line":29,"column":4},"end":{"line":29,"column":29}},"10":{"start":{"line":30,"column":4},"end":{"line":30,"column":29}},"11":{"start":{"line":31,"column":4},"end":{"line":31,"column":27}},"12":{"start":{"line":38,"column":4},"end":{"line":38,"column":24}},"13":{"start":{"line":39,"column":4},"end":{"line":39,"column":16}},"14":{"start":{"line":40,"column":4},"end":{"line":40,"column":42}},"15":{"start":{"line":41,"column":4},"end":{"line":41,"column":36}},"16":{"start":{"line":42,"column":4},"end":{"line":42,"column":27}},"17":{"start":{"line":49,"column":4},"end":{"line":54,"column":5}},"18":{"start":{"line":49,"column":16},"end":{"line":49,"column":17}},"19":{"start":{"line":50,"column":6},"end":{"line":53,"column":7}},"20":{"start":{"line":51,"column":21},"end":{"line":51,"column":41}},"21":{"start":{"line":52,"column":8},"end":{"line":52,"column":30}},"22":{"start":{"line":56,"column":4},"end":{"line":56,"column":41}},"23":{"start":{"line":65,"column":4},"end":{"line":68,"column":5}},"24":{"start":{"line":66,"column":6},"end":{"line":66,"column":32}},"25":{"start":{"line":67,"column":6},"end":{"line":67,"column":18}},"26":{"start":{"line":70,"column":4},"end":{"line":70,"column":17}},"27":{"start":{"line":78,"column":18},"end":{"line":78,"column":46}},"28":{"start":{"line":79,"column":4},"end":{"line":86,"column":5}},"29":{"start":{"line":80,"column":17},"end":{"line":80,"column":39}},"30":{"start":{"line":81,"column":6},"end":{"line":83,"column":7}},"31":{"start":{"line":82,"column":8},"end":{"line":82,"column":32}},"32":{"start":{"line":84,"column":6},"end":{"line":84,"column":36}},"33":{"start":{"line":85,"column":6},"end":{"line":85,"column":24}},"34":{"start":{"line":93,"column":4},"end":{"line":97,"column":5}},"35":{"start":{"line":94,"column":6},"end":{"line":94,"column":27}},"36":{"start":{"line":96,"column":6},"end":{"line":96,"column":29}},"37":{"start":{"line":98,"column":4},"end":{"line":98,"column":53}},"38":{"start":{"line":108,"column":4},"end":{"line":127,"column":5}},"39":{"start":{"line":109,"column":17},"end":{"line":109,"column":22}},"40":{"start":{"line":110,"column":6},"end":{"line":116,"column":7}},"41":{"start":{"line":111,"column":8},"end":{"line":111,"column":68}},"42":{"start":{"line":112,"column":8},"end":{"line":113,"column":32}},"43":{"start":{"line":113,"column":10},"end":{"line":113,"column":32}},"44":{"start":{"line":115,"column":8},"end":{"line":115,"column":69}},"45":{"start":{"line":118,"column":6},"end":{"line":119,"column":21}},"46":{"start":{"line":119,"column":8},"end":{"line":119,"column":21}},"47":{"start":{"line":121,"column":6},"end":{"line":121,"column":26}},"48":{"start":{"line":122,"column":6},"end":{"line":123,"column":17}},"49":{"start":{"line":123,"column":8},"end":{"line":123,"column":17}},"50":{"start":{"line":125,"column":6},"end":{"line":125,"column":24}},"51":{"start":{"line":126,"column":6},"end":{"line":126,"column":18}},"52":{"start":{"line":128,"column":4},"end":{"line":128,"column":17}},"53":{"start":{"line":137,"column":4},"end":{"line":137,"column":25}},"54":{"start":{"line":138,"column":4},"end":{"line":138,"column":22}},"55":{"start":{"line":139,"column":4},"end":{"line":139,"column":44}},"56":{"start":{"line":148,"column":4},"end":{"line":155,"column":5}},"57":{"start":{"line":149,"column":22},"end":{"line":149,"column":42}},"58":{"start":{"line":150,"column":6},"end":{"line":151,"column":21}},"59":{"start":{"line":151,"column":8},"end":{"line":151,"column":21}},"60":{"start":{"line":153,"column":6},"end":{"line":153,"column":31}},"61":{"start":{"line":154,"column":6},"end":{"line":154,"column":36}},"62":{"start":{"line":156,"column":4},"end":{"line":156,"column":17}},"63":{"start":{"line":164,"column":4},"end":{"line":164,"column":56}},"64":{"start":{"line":172,"column":4},"end":{"line":172,"column":25}},"65":{"start":{"line":179,"column":18},"end":{"line":179,"column":20}},"66":{"start":{"line":180,"column":4},"end":{"line":182,"column":5}},"67":{"start":{"line":181,"column":6},"end":{"line":181,"column":34}},"68":{"start":{"line":183,"column":4},"end":{"line":183,"column":19}},"69":{"start":{"line":187,"column":0},"end":{"line":187,"column":22}}},"fnMap":{"0":{"name":"(anonymous_0)","decl":{"start":{"line":25,"column":2},"end":{"line":25,"column":3}},"loc":{"start":{"line":25,"column":55},"end":{"line":32,"column":3}},"line":25},"1":{"name":"(anonymous_1)","decl":{"start":{"line":37,"column":2},"end":{"line":37,"column":3}},"loc":{"start":{"line":37,"column":14},"end":{"line":43,"column":3}},"line":37},"2":{"name":"(anonymous_2)","decl":{"start":{"line":48,"column":2},"end":{"line":48,"column":3}},"loc":{"start":{"line":48,"column":9},"end":{"line":57,"column":3}},"line":48},"3":{"name":"(anonymous_3)","decl":{"start":{"line":64,"column":2},"end":{"line":64,"column":3}},"loc":{"start":{"line":64,"column":20},"end":{"line":71,"column":3}},"line":64},"4":{"name":"(anonymous_4)","decl":{"start":{"line":77,"column":2},"end":{"line":77,"column":3}},"loc":{"start":{"line":77,"column":23},"end":{"line":87,"column":3}},"line":77},"5":{"name":"(anonymous_5)","decl":{"start":{"line":92,"column":2},"end":{"line":92,"column":3}},"loc":{"start":{"line":92,"column":15},"end":{"line":99,"column":3}},"line":92},"6":{"name":"(anonymous_6)","decl":{"start":{"line":107,"column":2},"end":{"line":107,"column":3}},"loc":{"start":{"line":107,"column":26},"end":{"line":129,"column":3}},"line":107},"7":{"name":"(anonymous_7)","decl":{"start":{"line":136,"column":2},"end":{"line":136,"column":3}},"loc":{"start":{"line":136,"column":19},"end":{"line":140,"column":3}},"line":136},"8":{"name":"(anonymous_8)","decl":{"start":{"line":147,"column":2},"end":{"line":147,"column":3}},"loc":{"start":{"line":147,"column":19},"end":{"line":157,"column":3}},"line":147},"9":{"name":"(anonymous_9)","decl":{"start":{"line":163,"column":2},"end":{"line":163,"column":3}},"loc":{"start":{"line":163,"column":15},"end":{"line":165,"column":3}},"line":163},"10":{"name":"(anonymous_10)","decl":{"start":{"line":171,"column":2},"end":{"line":171,"column":3}},"loc":{"start":{"line":171,"column":16},"end":{"line":173,"column":3}},"line":171},"11":{"name":"(anonymous_11)","decl":{"start":{"line":178,"column":2},"end":{"line":178,"column":3}},"loc":{"start":{"line":178,"column":25},"end":{"line":184,"column":3}},"line":178}},"branchMap":{"0":{"loc":{"start":{"line":65,"column":4},"end":{"line":68,"column":5}},"type":"if","locations":[{"start":{"line":65,"column":4},"end":{"line":68,"column":5}},{"start":{},"end":{}}],"line":65},"1":{"loc":{"start":{"line":79,"column":4},"end":{"line":86,"column":5}},"type":"if","locations":[{"start":{"line":79,"column":4},"end":{"line":86,"column":5}},{"start":{},"end":{}}],"line":79},"2":{"loc":{"start":{"line":93,"column":4},"end":{"line":97,"column":5}},"type":"if","locations":[{"start":{"line":93,"column":4},"end":{"line":97,"column":5}},{"start":{"line":95,"column":9},"end":{"line":97,"column":5}}],"line":93},"3":{"loc":{"start":{"line":108,"column":4},"end":{"line":127,"column":5}},"type":"if","locations":[{"start":{"line":108,"column":4},"end":{"line":127,"column":5}},{"start":{},"end":{}}],"line":108},"4":{"loc":{"start":{"line":110,"column":6},"end":{"line":116,"column":7}},"type":"if","locations":[{"start":{"line":110,"column":6},"end":{"line":116,"column":7}},{"start":{"line":114,"column":11},"end":{"line":116,"column":7}}],"line":110},"5":{"loc":{"start":{"line":112,"column":8},"end":{"line":113,"column":32}},"type":"if","locations":[{"start":{"line":112,"column":8},"end":{"line":113,"column":32}},{"start":{},"end":{}}],"line":112},"6":{"loc":{"start":{"line":118,"column":6},"end":{"line":119,"column":21}},"type":"if","locations":[{"start":{"line":118,"column":6},"end":{"line":119,"column":21}},{"start":{},"end":{}}],"line":118},"7":{"loc":{"start":{"line":122,"column":6},"end":{"line":123,"column":17}},"type":"if","locations":[{"start":{"line":122,"column":6},"end":{"line":123,"column":17}},{"start":{},"end":{}}],"line":122},"8":{"loc":{"start":{"line":148,"column":4},"end":{"line":155,"column":5}},"type":"if","locations":[{"start":{"line":148,"column":4},"end":{"line":155,"column":5}},{"start":{},"end":{}}],"line":148},"9":{"loc":{"start":{"line":150,"column":6},"end":{"line":151,"column":21}},"type":"if","locations":[{"start":{"line":150,"column":6},"end":{"line":151,"column":21}},{"start":{},"end":{}}],"line":150}},"s":{"0":1,"1":1,"2":1,"3":17,"4":17,"5":17,"6":17,"7":17,"8":17,"9":17,"10":17,"11":17,"12":13,"13":13,"14":13,"15":13,"16":13,"17":13,"18":13,"19":65,"20":125,"21":125,"22":13,"23":17,"24":16,"25":16,"26":1,"27":1,"28":1,"29":1,"30":1,"31":5,"32":1,"33":1,"34":8,"35":5,"36":3,"37":8,"38":6,"39":5,"40":5,"41":2,"42":2,"43":1,"44":3,"45":5,"46":2,"47":3,"48":3,"49":1,"50":2,"51":2,"52":1,"53":3,"54":3,"55":3,"56":2,"57":1,"58":1,"59":0,"60":1,"61":1,"62":1,"63":0,"64":1,"65":0,"66":0,"67":0,"68":0,"69":1},"f":{"0":17,"1":13,"2":13,"3":17,"4":1,"5":8,"6":6,"7":3,"8":2,"9":0,"10":1,"11":0},"b":{"0":[16,1],"1":[1,0],"2":[5,3],"3":[5,1],"4":[2,3],"5":[1,1],"6":[2,3],"7":[1,2],"8":[1,1],"9":[0,1]},"_coverageSchema":"1a1c01bbd47fc00a2c39e90264f33305004495a9","hash":"cde4ea8c9a1acfc074206a29dd81798c77cdc84b"}
,"C:\\Users\\jackf\\Documents\\School Work\\Software Engineering\\crazy8s_482\\Crazy8s\\classes\\Player.js": {"path":"C:\\Users\\jackf\\Documents\\School Work\\Software Engineering\\crazy8s_482\\Crazy8s\\classes\\Player.js","statementMap":{"0":{"start":{"line":1,"column":13},"end":{"line":1,"column":42}},"1":{"start":{"line":6,"column":9},"end":{"line":6,"column":11}},"2":{"start":{"line":20,"column":4},"end":{"line":21,"column":19}},"3":{"start":{"line":21,"column":6},"end":{"line":21,"column":19}},"4":{"start":{"line":23,"column":17},"end":{"line":23,"column":33}},"5":{"start":{"line":24,"column":17},"end":{"line":24,"column":39}},"6":{"start":{"line":25,"column":4},"end":{"line":33,"column":5}},"7":{"start":{"line":26,"column":6},"end":{"line":26,"column":33}},"8":{"start":{"line":27,"column":6},"end":{"line":27,"column":14}},"9":{"start":{"line":28,"column":10},"end":{"line":33,"column":5}},"10":{"start":{"line":29,"column":6},"end":{"line":29,"column":33}},"11":{"start":{"line":30,"column":6},"end":{"line":30,"column":17}},"12":{"start":{"line":32,"column":6},"end":{"line":32,"column":19}},"13":{"start":{"line":41,"column":4},"end":{"line":41,"column":28}},"14":{"start":{"line":49,"column":17},"end":{"line":49,"column":19}},"15":{"start":{"line":50,"column":4},"end":{"line":51,"column":37}},"16":{"start":{"line":51,"column":6},"end":{"line":51,"column":37}},"17":{"start":{"line":53,"column":4},"end":{"line":53,"column":16}},"18":{"start":{"line":61,"column":4},"end":{"line":62,"column":18}},"19":{"start":{"line":62,"column":6},"end":{"line":62,"column":18}},"20":{"start":{"line":64,"column":4},"end":{"line":64,"column":17}},"21":{"start":{"line":72,"column":4},"end":{"line":72,"column":28}},"22":{"start":{"line":80,"column":4},"end":{"line":80,"column":21}},"23":{"start":{"line":84,"column":0},"end":{"line":84,"column":24}}},"fnMap":{"0":{"name":"(anonymous_0)","decl":{"start":{"line":11,"column":2},"end":{"line":11,"column":3}},"loc":{"start":{"line":11,"column":16},"end":{"line":11,"column":18}},"line":11},"1":{"name":"(anonymous_1)","decl":{"start":{"line":19,"column":2},"end":{"line":19,"column":3}},"loc":{"start":{"line":19,"column":28},"end":{"line":34,"column":3}},"line":19},"2":{"name":"(anonymous_2)","decl":{"start":{"line":40,"column":2},"end":{"line":40,"column":3}},"loc":{"start":{"line":40,"column":20},"end":{"line":42,"column":3}},"line":40},"3":{"name":"(anonymous_3)","decl":{"start":{"line":48,"column":2},"end":{"line":48,"column":3}},"loc":{"start":{"line":48,"column":17},"end":{"line":54,"column":3}},"line":48},"4":{"name":"(anonymous_4)","decl":{"start":{"line":60,"column":2},"end":{"line":60,"column":3}},"loc":{"start":{"line":60,"column":16},"end":{"line":65,"column":3}},"line":60},"5":{"name":"(anonymous_5)","decl":{"start":{"line":71,"column":2},"end":{"line":71,"column":3}},"loc":{"start":{"line":71,"column":13},"end":{"line":73,"column":3}},"line":71},"6":{"name":"(anonymous_6)","decl":{"start":{"line":79,"column":2},"end":{"line":79,"column":3}},"loc":{"start":{"line":79,"column":18},"end":{"line":81,"column":3}},"line":79}},"branchMap":{"0":{"loc":{"start":{"line":20,"column":4},"end":{"line":21,"column":19}},"type":"if","locations":[{"start":{"line":20,"column":4},"end":{"line":21,"column":19}},{"start":{},"end":{}}],"line":20},"1":{"loc":{"start":{"line":25,"column":4},"end":{"line":33,"column":5}},"type":"if","locations":[{"start":{"line":25,"column":4},"end":{"line":33,"column":5}},{"start":{"line":28,"column":10},"end":{"line":33,"column":5}}],"line":25},"2":{"loc":{"start":{"line":28,"column":10},"end":{"line":33,"column":5}},"type":"if","locations":[{"start":{"line":28,"column":10},"end":{"line":33,"column":5}},{"start":{"line":31,"column":9},"end":{"line":33,"column":5}}],"line":28},"3":{"loc":{"start":{"line":61,"column":4},"end":{"line":62,"column":18}},"type":"if","locations":[{"start":{"line":61,"column":4},"end":{"line":62,"column":18}},{"start":{},"end":{}}],"line":61}},"s":{"0":1,"1":41,"2":9,"3":1,"4":8,"5":8,"6":8,"7":2,"8":2,"9":6,"10":3,"11":3,"12":3,"13":132,"14":1,"15":1,"16":2,"17":1,"18":3,"19":1,"20":2,"21":0,"22":1,"23":1},"f":{"0":41,"1":9,"2":132,"3":1,"4":3,"5":0,"6":1},"b":{"0":[1,8],"1":[2,6],"2":[3,3],"3":[1,2]},"_coverageSchema":"1a1c01bbd47fc00a2c39e90264f33305004495a9","hash":"672e7906c316e529be7fdbf5163e4a42fcd65cd3"}
}
