TN:
SF:Card.js
FN:12,(anonymous_0)
FN:23,(anonymous_1)
FN:39,(anonymous_2)
FNF:3
FNH:3
FNDA:1229,(anonymous_0)
FNDA:12,(anonymous_1)
FNDA:4,(anonymous_2)
DA:14,1229
DA:15,1229
DA:25,12
DA:26,3
DA:27,9
DA:28,3
DA:29,6
DA:30,2
DA:32,4
DA:40,4
DA:44,1
LF:11
LH:11
BRDA:25,0,0,3
BRDA:25,0,1,9
BRDA:27,1,0,3
BRDA:27,1,1,6
BRDA:29,2,0,2
BRDA:29,2,1,4
BRF:6
BRH:6
end_of_record
TN:
SF:Deck.js
FN:14,(anonymous_0)
FN:23,(anonymous_1)
FN:38,(anonymous_2)
FN:49,(anonymous_3)
FNF:4
FNH:4
FNDA:23,(anonymous_0)
FNDA:14,(anonymous_1)
FNDA:245,(anonymous_2)
FNDA:247,(anonymous_3)
DA:1,1
DA:6,23
DA:7,23
DA:8,23
DA:15,23
DA:16,92
DA:17,1196
DA:25,14
DA:26,728
DA:28,728
DA:29,728
DA:30,728
DA:39,245
DA:40,1
DA:42,244
DA:50,247
DA:54,1
LF:17
LH:17
BRDA:39,0,0,1
BRDA:39,0,1,244
BRF:2
BRH:2
end_of_record
TN:
SF:Game.js
FN:25,(anonymous_0)
FN:37,(anonymous_1)
FN:48,(anonymous_2)
FN:64,(anonymous_3)
FN:77,(anonymous_4)
FN:92,(anonymous_5)
FN:107,(anonymous_6)
FN:136,(anonymous_7)
FN:147,(anonymous_8)
FN:163,(anonymous_9)
FN:171,(anonymous_10)
FN:178,(anonymous_11)
FNF:12
FNH:10
FNDA:17,(anonymous_0)
FNDA:13,(anonymous_1)
FNDA:13,(anonymous_2)
FNDA:17,(anonymous_3)
FNDA:1,(anonymous_4)
FNDA:8,(anonymous_5)
FNDA:6,(anonymous_6)
FNDA:3,(anonymous_7)
FNDA:2,(anonymous_8)
FNDA:0,(anonymous_9)
FNDA:1,(anonymous_10)
FNDA:0,(anonymous_11)
DA:1,1
DA:2,1
DA:3,1
DA:8,17
DA:10,17
DA:14,17
DA:26,17
DA:27,17
DA:28,17
DA:29,17
DA:30,17
DA:31,17
DA:38,13
DA:39,13
DA:40,13
DA:41,13
DA:42,13
DA:49,13
DA:50,65
DA:51,125
DA:52,125
DA:56,13
DA:65,17
DA:66,16
DA:67,16
DA:70,1
DA:78,1
DA:79,1
DA:80,1
DA:81,1
DA:82,5
DA:84,1
DA:85,1
DA:93,8
DA:94,5
DA:96,3
DA:98,8
DA:108,6
DA:109,5
DA:110,5
DA:111,2
DA:112,2
DA:113,1
DA:115,3
DA:118,5
DA:119,2
DA:121,3
DA:122,3
DA:123,1
DA:125,2
DA:126,2
DA:128,1
DA:137,3
DA:138,3
DA:139,3
DA:148,2
DA:149,1
DA:150,1
DA:151,0
DA:153,1
DA:154,1
DA:156,1
DA:164,0
DA:172,1
DA:179,0
DA:180,0
DA:181,0
DA:183,0
DA:187,1
LF:69
LH:63
BRDA:65,0,0,16
BRDA:65,0,1,1
BRDA:79,1,0,1
BRDA:79,1,1,0
BRDA:93,2,0,5
BRDA:93,2,1,3
BRDA:108,3,0,5
BRDA:108,3,1,1
BRDA:110,4,0,2
BRDA:110,4,1,3
BRDA:112,5,0,1
BRDA:112,5,1,1
BRDA:118,6,0,2
BRDA:118,6,1,3
BRDA:122,7,0,1
BRDA:122,7,1,2
BRDA:148,8,0,1
BRDA:148,8,1,1
BRDA:150,9,0,0
BRDA:150,9,1,1
BRF:20
BRH:18
end_of_record
TN:
SF:Player.js
FN:11,(anonymous_0)
FN:19,(anonymous_1)
FN:40,(anonymous_2)
FN:48,(anonymous_3)
FN:60,(anonymous_4)
FN:71,(anonymous_5)
FN:79,(anonymous_6)
FNF:7
FNH:6
FNDA:41,(anonymous_0)
FNDA:9,(anonymous_1)
FNDA:132,(anonymous_2)
FNDA:1,(anonymous_3)
FNDA:3,(anonymous_4)
FNDA:0,(anonymous_5)
FNDA:1,(anonymous_6)
DA:1,1
DA:6,41
DA:20,9
DA:21,1
DA:23,8
DA:24,8
DA:25,8
DA:26,2
DA:27,2
DA:28,6
DA:29,3
DA:30,3
DA:32,3
DA:41,132
DA:49,1
DA:50,1
DA:51,2
DA:53,1
DA:61,3
DA:62,1
DA:64,2
DA:72,0
DA:80,1
DA:84,1
LF:24
LH:23
BRDA:20,0,0,1
BRDA:20,0,1,8
BRDA:25,1,0,2
BRDA:25,1,1,6
BRDA:28,2,0,3
BRDA:28,2,1,3
BRDA:61,3,0,1
BRDA:61,3,1,2
BRF:8
BRH:8
end_of_record
