TN:
SF:Card.js
FN:12,(anonymous_0)
FN:23,(anonymous_1)
FN:39,(anonymous_2)
FNF:3
FNH:3
FNDA:1177,(anonymous_0)
FNDA:12,(anonymous_1)
FNDA:4,(anonymous_2)
DA:14,1177
DA:15,1177
DA:25,12
DA:26,3
DA:27,9
DA:28,3
DA:29,6
DA:30,2
DA:32,4
DA:40,4
DA:44,1
LF:11
LH:11
BRDA:25,0,0,3
BRDA:25,0,1,9
BRDA:27,1,0,3
BRDA:27,1,1,6
BRDA:29,2,0,2
BRDA:29,2,1,4
BRF:6
BRH:6
end_of_record
TN:
SF:Deck.js
FN:14,(anonymous_0)
FN:23,(anonymous_1)
FN:38,(anonymous_2)
FN:49,(anonymous_3)
FNF:4
FNH:4
FNDA:22,(anonymous_0)
FNDA:13,(anonymous_1)
FNDA:234,(anonymous_2)
FNDA:236,(anonymous_3)
DA:1,1
DA:6,22
DA:7,22
DA:8,22
DA:15,22
DA:16,88
DA:17,1144
DA:25,13
DA:26,676
DA:28,676
DA:29,676
DA:30,676
DA:39,234
DA:40,1
DA:42,233
DA:50,236
DA:54,1
LF:17
LH:17
BRDA:39,0,0,1
BRDA:39,0,1,233
BRF:2
BRH:2
end_of_record
TN:
SF:Game.js
FN:25,(anonymous_0)
FN:37,(anonymous_1)
FN:48,(anonymous_2)
FN:64,(anonymous_3)
FN:76,(anonymous_4)
FN:91,(anonymous_5)
FN:120,(anonymous_6)
FN:131,(anonymous_7)
FN:147,(anonymous_8)
FN:155,(anonymous_9)
FNF:10
FNH:9
FNDA:16,(anonymous_0)
FNDA:12,(anonymous_1)
FNDA:12,(anonymous_2)
FNDA:16,(anonymous_3)
FNDA:8,(anonymous_4)
FNDA:6,(anonymous_5)
FNDA:3,(anonymous_6)
FNDA:2,(anonymous_7)
FNDA:0,(anonymous_8)
FNDA:1,(anonymous_9)
DA:1,1
DA:2,1
DA:3,1
DA:8,16
DA:10,16
DA:14,16
DA:26,16
DA:27,16
DA:28,16
DA:29,16
DA:30,16
DA:31,16
DA:38,12
DA:39,12
DA:40,12
DA:41,12
DA:42,12
DA:49,12
DA:50,60
DA:51,115
DA:52,115
DA:56,12
DA:65,16
DA:66,15
DA:67,15
DA:70,1
DA:77,8
DA:78,5
DA:80,3
DA:82,8
DA:92,6
DA:93,5
DA:94,5
DA:95,2
DA:96,2
DA:97,1
DA:99,3
DA:102,5
DA:103,2
DA:105,3
DA:106,3
DA:107,1
DA:109,2
DA:110,2
DA:112,1
DA:121,3
DA:122,3
DA:123,3
DA:132,2
DA:133,1
DA:134,1
DA:135,0
DA:137,1
DA:138,1
DA:140,1
DA:148,0
DA:156,1
DA:160,1
LF:58
LH:56
BRDA:65,0,0,15
BRDA:65,0,1,1
BRDA:77,1,0,5
BRDA:77,1,1,3
BRDA:92,2,0,5
BRDA:92,2,1,1
BRDA:94,3,0,2
BRDA:94,3,1,3
BRDA:96,4,0,1
BRDA:96,4,1,1
BRDA:102,5,0,2
BRDA:102,5,1,3
BRDA:106,6,0,1
BRDA:106,6,1,2
BRDA:132,7,0,1
BRDA:132,7,1,1
BRDA:134,8,0,0
BRDA:134,8,1,1
BRF:18
BRH:17
end_of_record
TN:
SF:Player.js
FN:11,(anonymous_0)
FN:19,(anonymous_1)
FN:40,(anonymous_2)
FN:48,(anonymous_3)
FN:60,(anonymous_4)
FNF:5
FNH:5
FNDA:39,(anonymous_0)
FNDA:9,(anonymous_1)
FNDA:122,(anonymous_2)
FNDA:1,(anonymous_3)
FNDA:3,(anonymous_4)
DA:1,1
DA:6,39
DA:20,9
DA:21,1
DA:23,8
DA:24,8
DA:25,8
DA:26,2
DA:27,2
DA:28,6
DA:29,3
DA:30,3
DA:32,3
DA:41,122
DA:49,1
DA:50,1
DA:51,2
DA:53,1
DA:61,3
DA:62,1
DA:64,2
DA:68,1
LF:22
LH:22
BRDA:20,0,0,1
BRDA:20,0,1,8
BRDA:25,1,0,2
BRDA:25,1,1,6
BRDA:28,2,0,3
BRDA:28,2,1,3
BRDA:61,3,0,1
BRDA:61,3,1,2
BRF:8
BRH:8
end_of_record
